<?xml version="1.0" encoding="UTF-8"?>
<!-- Generated by org.testng.reporters.JUnitReportReporter -->
<testsuite hostname="IBM-PF32QD88" failures="0" tests="2" name="Basics.Day1" time="0.006" errors="0" timestamp="2023-05-28T12:42:04 IST" skipped="0">
  <testcase classname="Basics.Day1" name="method2" time="0.001"/>
  <system-out/>
  <testcase classname="Basics.Day1" name="method1" time="0.005"/>
  <system-out/>
</testsuite> <!-- Basics.Day1 -->
