<?xml version="1.0" encoding="UTF-8"?>
<!-- Generated by org.testng.reporters.JUnitReportReporter -->
<testsuite hostname="IBM-PF32QD88" failures="0" tests="1" name="Basics.Day2" time="0.001" errors="0" timestamp="2023-05-28T12:42:04 IST" skipped="0">
  <testcase classname="Basics.Day2" name="method1" time="0.001"/>
  <system-out/>
</testsuite> <!-- Basics.Day2 -->
