<?xml version="1.0" encoding="UTF-8"?>
<!-- Generated by org.testng.reporters.JUnitReportReporter -->
<testsuite hostname="IBM-PF32QD88" failures="0" tests="2" name="Day1.Basics" time="0.009" errors="0" timestamp="2023-05-27T12:00:26 IST" skipped="0">
  <testcase classname="Day1.Basics" name="method1" time="0.007"/>
  <system-out/>
  <testcase classname="Day1.Basics" name="method2" time="0.002"/>
  <system-out/>
</testsuite> <!-- Day1.Basics -->
